<?xml version="1.0" encoding="UTF-8"?>
<testng-results ignored="0" total="2" passed="1" failed="1" skipped="0">
  <reporter-output>
  </reporter-output>
  <suite started-at="2020-12-09T15:44:20 IST" name="Default suite" finished-at="2020-12-09T15:44:29 IST" duration-ms="8906">
    <groups>
    </groups>
    <test started-at="2020-12-09T15:44:20 IST" name="Default test" finished-at="2020-12-09T15:44:29 IST" duration-ms="8906">
      <class name="com.cloudfuze.testcases.GetTableValues">
        <test-method is-config="true" signature="Baseclass()[pri:0, instance:com.cloudfuze.testcases.GetTableValues@49e53c76]" started-at="2020-12-09T15:44:05 IST" name="Baseclass" finished-at="2020-12-09T15:44:20 IST" duration-ms="14808" status="PASS">
          <reporter-output>
          </reporter-output>
        </test-method> <!-- Baseclass -->
        <test-method is-config="true" signature="ExtentReports()[pri:0, instance:com.cloudfuze.testcases.GetTableValues@49e53c76]" started-at="2020-12-09T15:44:20 IST" name="ExtentReports" finished-at="2020-12-09T15:44:20 IST" duration-ms="150" status="PASS">
          <reporter-output>
          </reporter-output>
        </test-method> <!-- ExtentReports -->
        <test-method signature="LoginTesting()[pri:1, instance:com.cloudfuze.testcases.GetTableValues@49e53c76]" started-at="2020-12-09T15:44:20 IST" name="LoginTesting" finished-at="2020-12-09T15:44:25 IST" duration-ms="4533" status="PASS">
          <reporter-output>
          </reporter-output>
        </test-method> <!-- LoginTesting -->
        <test-method signature="gettablevalues()[pri:2, instance:com.cloudfuze.testcases.GetTableValues@49e53c76]" started-at="2020-12-09T15:44:25 IST" name="gettablevalues" finished-at="2020-12-09T15:44:29 IST" duration-ms="4174" status="FAIL">
          <exception class="org.openqa.selenium.NoSuchElementException">
            <message>
              <![CDATA[no such element: Unable to locate element: {"method":"xpath","selector":"//table[@class='table table-condensed']/tbody/tr[2]/td[1]"}
  (Session info: chrome=87.0.4280.66)
For documentation on this error, please visit: https://www.seleniumhq.org/exceptions/no_such_element.html
Build info: version: '3.141.59', revision: 'e82be7d358', time: '2018-11-14T08:17:03'
System info: host: 'DESKTOP-OGJN7AI', ip: '192.168.31.27', os.name: 'Windows 10', os.arch: 'amd64', os.version: '10.0', java.version: '13.0.1'
Driver info: org.openqa.selenium.chrome.ChromeDriver
Capabilities {acceptInsecureCerts: false, browserName: chrome, browserVersion: 87.0.4280.66, chrome: {chromedriverVersion: 86.0.4240.22 (398b0743353ff..., userDataDir: C:\Users\palla\AppData\Loca...}, goog:chromeOptions: {debuggerAddress: localhost:62553}, javascriptEnabled: true, networkConnectionEnabled: false, pageLoadStrategy: normal, platform: WINDOWS, platformName: WINDOWS, proxy: Proxy(), setWindowRect: true, strictFileInteractability: false, timeouts: {implicit: 0, pageLoad: 300000, script: 30000}, unhandledPromptBehavior: dismiss and notify, webauthn:virtualAuthenticators: true}
Session ID: 652ffe01299fd05fb5d51b347c9d2cbc
*** Element info: {Using=xpath, value=//table[@class='table table-condensed']/tbody/tr[2]/td[1]}]]>
            </message>
            <full-stacktrace>
              <![CDATA[org.openqa.selenium.NoSuchElementException: no such element: Unable to locate element: {"method":"xpath","selector":"//table[@class='table table-condensed']/tbody/tr[2]/td[1]"}
  (Session info: chrome=87.0.4280.66)
For documentation on this error, please visit: https://www.seleniumhq.org/exceptions/no_such_element.html
Build info: version: '3.141.59', revision: 'e82be7d358', time: '2018-11-14T08:17:03'
System info: host: 'DESKTOP-OGJN7AI', ip: '192.168.31.27', os.name: 'Windows 10', os.arch: 'amd64', os.version: '10.0', java.version: '13.0.1'
Driver info: org.openqa.selenium.chrome.ChromeDriver
Capabilities {acceptInsecureCerts: false, browserName: chrome, browserVersion: 87.0.4280.66, chrome: {chromedriverVersion: 86.0.4240.22 (398b0743353ff..., userDataDir: C:\Users\palla\AppData\Loca...}, goog:chromeOptions: {debuggerAddress: localhost:62553}, javascriptEnabled: true, networkConnectionEnabled: false, pageLoadStrategy: normal, platform: WINDOWS, platformName: WINDOWS, proxy: Proxy(), setWindowRect: true, strictFileInteractability: false, timeouts: {implicit: 0, pageLoad: 300000, script: 30000}, unhandledPromptBehavior: dismiss and notify, webauthn:virtualAuthenticators: true}
Session ID: 652ffe01299fd05fb5d51b347c9d2cbc
*** Element info: {Using=xpath, value=//table[@class='table table-condensed']/tbody/tr[2]/td[1]}
at java.base/jdk.internal.reflect.NativeConstructorAccessorImpl.newInstance0(Native Method)
at java.base/jdk.internal.reflect.NativeConstructorAccessorImpl.newInstance(NativeConstructorAccessorImpl.java:62)
at java.base/jdk.internal.reflect.DelegatingConstructorAccessorImpl.newInstance(DelegatingConstructorAccessorImpl.java:45)
at java.base/java.lang.reflect.Constructor.newInstanceWithCaller(Constructor.java:500)
at java.base/java.lang.reflect.Constructor.newInstance(Constructor.java:481)
at org.openqa.selenium.remote.http.W3CHttpResponseCodec.createException(W3CHttpResponseCodec.java:187)
at org.openqa.selenium.remote.http.W3CHttpResponseCodec.decode(W3CHttpResponseCodec.java:122)
at org.openqa.selenium.remote.http.W3CHttpResponseCodec.decode(W3CHttpResponseCodec.java:49)
at org.openqa.selenium.remote.HttpCommandExecutor.execute(HttpCommandExecutor.java:158)
at org.openqa.selenium.remote.service.DriverCommandExecutor.execute(DriverCommandExecutor.java:83)
at org.openqa.selenium.remote.RemoteWebDriver.execute(RemoteWebDriver.java:552)
at org.openqa.selenium.remote.RemoteWebDriver.findElement(RemoteWebDriver.java:323)
at org.openqa.selenium.remote.RemoteWebDriver.findElementByXPath(RemoteWebDriver.java:428)
at org.openqa.selenium.By$ByXPath.findElement(By.java:353)
at org.openqa.selenium.remote.RemoteWebDriver.findElement(RemoteWebDriver.java:315)
at com.cloudfuze.pageobjects.DashBoard.gettablevalues(DashBoard.java:50)
at com.cloudfuze.testcases.GetTableValues.gettablevalues(GetTableValues.java:12)
at java.base/jdk.internal.reflect.NativeMethodAccessorImpl.invoke0(Native Method)
at java.base/jdk.internal.reflect.NativeMethodAccessorImpl.invoke(NativeMethodAccessorImpl.java:62)
at java.base/jdk.internal.reflect.DelegatingMethodAccessorImpl.invoke(DelegatingMethodAccessorImpl.java:43)
at java.base/java.lang.reflect.Method.invoke(Method.java:567)
at org.testng.internal.MethodInvocationHelper.invokeMethod(MethodInvocationHelper.java:134)
at org.testng.internal.TestInvoker.invokeMethod(TestInvoker.java:597)
at org.testng.internal.TestInvoker.invokeTestMethod(TestInvoker.java:173)
at org.testng.internal.MethodRunner.runInSequence(MethodRunner.java:46)
at org.testng.internal.TestInvoker$MethodInvocationAgent.invoke(TestInvoker.java:816)
at org.testng.internal.TestInvoker.invokeTestMethods(TestInvoker.java:146)
at org.testng.internal.TestMethodWorker.invokeTestMethods(TestMethodWorker.java:146)
at org.testng.internal.TestMethodWorker.run(TestMethodWorker.java:128)
at java.base/java.util.ArrayList.forEach(ArrayList.java:1507)
at org.testng.TestRunner.privateRun(TestRunner.java:766)
at org.testng.TestRunner.run(TestRunner.java:587)
at org.testng.SuiteRunner.runTest(SuiteRunner.java:384)
at org.testng.SuiteRunner.runSequentially(SuiteRunner.java:378)
at org.testng.SuiteRunner.privateRun(SuiteRunner.java:337)
at org.testng.SuiteRunner.run(SuiteRunner.java:286)
at org.testng.SuiteRunnerWorker.runSuite(SuiteRunnerWorker.java:53)
at org.testng.SuiteRunnerWorker.run(SuiteRunnerWorker.java:96)
at org.testng.TestNG.runSuitesSequentially(TestNG.java:1187)
at org.testng.TestNG.runSuitesLocally(TestNG.java:1109)
at org.testng.TestNG.runSuites(TestNG.java:1039)
at org.testng.TestNG.run(TestNG.java:1007)
at org.testng.remote.AbstractRemoteTestNG.run(AbstractRemoteTestNG.java:115)
at org.testng.remote.RemoteTestNG.initAndRun(RemoteTestNG.java:251)
at org.testng.remote.RemoteTestNG.main(RemoteTestNG.java:77)
]]>
            </full-stacktrace>
          </exception> <!-- org.openqa.selenium.NoSuchElementException -->
          <reporter-output>
          </reporter-output>
        </test-method> <!-- gettablevalues -->
        <test-method is-config="true" signature="closingresource()[pri:0, instance:com.cloudfuze.testcases.GetTableValues@49e53c76]" started-at="2020-12-09T15:44:29 IST" name="closingresource" finished-at="2020-12-09T15:44:30 IST" duration-ms="1058" status="PASS">
          <reporter-output>
          </reporter-output>
        </test-method> <!-- closingresource -->
      </class> <!-- com.cloudfuze.testcases.GetTableValues -->
    </test> <!-- Default test -->
  </suite> <!-- Default suite -->
</testng-results>
